<?xml version="1.0" encoding="UTF-8"?>
<!-- Generated by org.testng.reporters.JUnitXMLReporter -->
<testsuite ignored="0" hostname="DESKTOP-PME6MC6" failures="0" tests="4" name="Default test" time="0.3" errors="0" timestamp="2022-06-10T10:17:04 IST">
  <testcase classname="com.java.TestNGTest.ExceptedExceptionTest" name="amazon" time="0.041"/>
  <testcase classname="com.java.TestNGTest.ExceptedExceptionTest" name="Yahoo" time="0.004"/>
  <testcase classname="com.java.TestNGTest.ExceptedExceptionTest" name="google" time="0.005"/>
  <testcase classname="com.java.TestNGTest.ExceptedExceptionTest" name="bing" time="0.012"/>
</testsuite> <!-- Default test -->
