<?xml version="1.0" encoding="UTF-8"?>
<!-- Generated by org.testng.reporters.JUnitXMLReporter -->
<testsuite ignored="0" hostname="DESKTOP-PME6MC6" failures="0" tests="7" name="Parallel Execution Test" time="25.044" errors="0" timestamp="2022-05-18T08:19:47 IST">
  <testcase classname="com.java.TestNG.DataProvider.DataProviderSameDataClassTest" name="testStart" time="4.232"/>
  <testcase classname="com.java.TestNG.DataProvider.DataProviderSameDataClassTest" name="testStart" time="1.518"/>
  <testcase classname="com.java.TestNG.DataProvider.DataProviderSameDataClassTest" name="testStart" time="3.455"/>
  <testcase classname="com.java.TestNG.DataProvider.DataProviderTest" name="testStart" time="2.893"/>
  <testcase classname="com.java.TestNG.DataProvider.DataProviderTest" name="testStart" time="2.296"/>
  <testcase classname="com.java.TestNG.DataProvider.DataProviderTest" name="testStart" time="6.059"/>
  <testcase classname="com.java.TestNG.DataProvider.DataProviderTest" name="testStarted" time="4.468"/>
</testsuite> <!-- Parallel Execution Test -->
