<?xml version="1.0" encoding="UTF-8"?>
<!-- Generated by org.testng.reporters.JUnitXMLReporter -->
<testsuite ignored="3" hostname="DESKTOP-PME6MC6" failures="0" tests="2" name="Test" time="0.255" errors="0" timestamp="2022-05-18T09:49:10 IST">
  <testcase classname="com.java.TestNG.GroupingTest.GroupingTest" name="login" time="0.034"/>
  <testcase classname="com.java.TestNG.GroupingTest.GroupingTest" name="reg" time="0.011"/>
  <testcase classname="com.java.TestNG.GroupingTest.GroupingTest" name="signout" time="0.0">
    <ignored/>
  </testcase> <!-- signout -->
  <testcase classname="com.java.TestNG.GroupingTest.GroupingTest" name="order" time="0.0">
    <ignored/>
  </testcase> <!-- order -->
  <testcase classname="com.java.TestNG.GroupingTest.GroupingTest" name="checkout" time="0.0">
    <ignored/>
  </testcase> <!-- checkout -->
</testsuite> <!-- Test -->
