<?xml version="1.0" encoding="UTF-8"?>
<testng-results ignored="0" total="4" passed="4" failed="0" skipped="0">
  <reporter-output>
  </reporter-output>
  <suite started-at="2022-06-10T10:17:03 IST" name="Default suite" finished-at="2022-06-10T10:17:03 IST" duration-ms="300">
    <groups>
    </groups>
    <test started-at="2022-06-10T10:17:03 IST" name="Default test" finished-at="2022-06-10T10:17:03 IST" duration-ms="300">
      <class name="com.java.TestNGTest.ExceptedExceptionTest">
        <test-method is-config="true" signature="launchBrowser()[pri:0, instance:com.java.TestNGTest.ExceptedExceptionTest@149e0f5d]" started-at="2022-06-10T10:17:03 IST" name="launchBrowser" finished-at="2022-06-10T10:17:03 IST" duration-ms="31" status="PASS">
          <reporter-output>
          </reporter-output>
        </test-method> <!-- launchBrowser -->
        <test-method signature="amazon()[pri:-1, instance:com.java.TestNGTest.ExceptedExceptionTest@149e0f5d]" started-at="2022-06-10T10:17:03 IST" name="amazon" finished-at="2022-06-10T10:17:03 IST" duration-ms="41" status="PASS">
          <reporter-output>
          </reporter-output>
        </test-method> <!-- amazon -->
        <test-method signature="Yahoo()[pri:0, instance:com.java.TestNGTest.ExceptedExceptionTest@149e0f5d]" started-at="2022-06-10T10:17:03 IST" name="Yahoo" finished-at="2022-06-10T10:17:03 IST" duration-ms="4" status="PASS">
          <reporter-output>
          </reporter-output>
        </test-method> <!-- Yahoo -->
        <test-method signature="google()[pri:1, instance:com.java.TestNGTest.ExceptedExceptionTest@149e0f5d]" started-at="2022-06-10T10:17:03 IST" name="google" finished-at="2022-06-10T10:17:03 IST" duration-ms="5" status="PASS">
          <exception class="java.lang.ArithmeticException">
            <message>
              <![CDATA[/ by zero]]>
            </message>
            <full-stacktrace>
              <![CDATA[java.lang.ArithmeticException: / by zero
at com.java.TestNGTest.ExceptedExceptionTest.google(ExceptedExceptionTest.java:33)
at java.base/jdk.internal.reflect.NativeMethodAccessorImpl.invoke0(Native Method)
at java.base/jdk.internal.reflect.NativeMethodAccessorImpl.invoke(NativeMethodAccessorImpl.java:77)
at java.base/jdk.internal.reflect.DelegatingMethodAccessorImpl.invoke(DelegatingMethodAccessorImpl.java:43)
at java.base/java.lang.reflect.Method.invoke(Method.java:568)
at org.testng.internal.MethodInvocationHelper.invokeMethod(MethodInvocationHelper.java:133)
at org.testng.internal.TestInvoker.invokeMethod(TestInvoker.java:598)
at org.testng.internal.TestInvoker.invokeTestMethod(TestInvoker.java:173)
at org.testng.internal.MethodRunner.runInSequence(MethodRunner.java:46)
at org.testng.internal.TestInvoker$MethodInvocationAgent.invoke(TestInvoker.java:824)
at org.testng.internal.TestInvoker.invokeTestMethods(TestInvoker.java:146)
at org.testng.internal.TestMethodWorker.invokeTestMethods(TestMethodWorker.java:146)
at org.testng.internal.TestMethodWorker.run(TestMethodWorker.java:128)
at java.base/java.util.ArrayList.forEach(ArrayList.java:1511)
at org.testng.TestRunner.privateRun(TestRunner.java:794)
at org.testng.TestRunner.run(TestRunner.java:596)
at org.testng.SuiteRunner.runTest(SuiteRunner.java:377)
at org.testng.SuiteRunner.runSequentially(SuiteRunner.java:371)
at org.testng.SuiteRunner.privateRun(SuiteRunner.java:332)
at org.testng.SuiteRunner.run(SuiteRunner.java:276)
at org.testng.SuiteRunnerWorker.runSuite(SuiteRunnerWorker.java:53)
at org.testng.SuiteRunnerWorker.run(SuiteRunnerWorker.java:96)
at org.testng.TestNG.runSuitesSequentially(TestNG.java:1212)
at org.testng.TestNG.runSuitesLocally(TestNG.java:1134)
at org.testng.TestNG.runSuites(TestNG.java:1063)
at org.testng.TestNG.run(TestNG.java:1031)
at org.testng.remote.AbstractRemoteTestNG.run(AbstractRemoteTestNG.java:115)
at org.testng.remote.RemoteTestNG.initAndRun(RemoteTestNG.java:251)
at org.testng.remote.RemoteTestNG.main(RemoteTestNG.java:77)
]]>
            </full-stacktrace>
          </exception> <!-- java.lang.ArithmeticException -->
          <reporter-output>
          </reporter-output>
        </test-method> <!-- google -->
        <test-method signature="bing()[pri:2, instance:com.java.TestNGTest.ExceptedExceptionTest@149e0f5d]" started-at="2022-06-10T10:17:03 IST" name="bing" finished-at="2022-06-10T10:17:03 IST" depends-on-methods="com.java.TestNGTest.ExceptedExceptionTest.google" duration-ms="12" status="PASS">
          <reporter-output>
          </reporter-output>
        </test-method> <!-- bing -->
        <test-method is-config="true" signature="tearDown()[pri:0, instance:com.java.TestNGTest.ExceptedExceptionTest@149e0f5d]" started-at="2022-06-10T10:17:04 IST" name="tearDown" finished-at="2022-06-10T10:17:04 IST" duration-ms="0" status="PASS">
          <reporter-output>
          </reporter-output>
        </test-method> <!-- tearDown -->
      </class> <!-- com.java.TestNGTest.ExceptedExceptionTest -->
    </test> <!-- Default test -->
  </suite> <!-- Default suite -->
</testng-results>
